<?xml version="1.0" encoding="UTF-8"?>
<testng-results skipped="0" failed="0" total="1" passed="1">
  <reporter-output>
  </reporter-output>
  <suite name="Default suite" duration-ms="4146" started-at="2015-07-03T06:35:46Z" finished-at="2015-07-03T06:35:50Z">
    <groups>
    </groups>
    <test name="Default test" duration-ms="4146" started-at="2015-07-03T06:35:46Z" finished-at="2015-07-03T06:35:50Z">
      <class name="ICasesMaintainServiceTest">
        <test-method status="PASS" signature="setUp()[pri:0, instance:ICasesMaintainServiceTest@7adbe76f]" name="setUp" is-config="true" duration-ms="2933" started-at="2015-07-03T14:35:46Z" finished-at="2015-07-03T14:35:49Z">
          <reporter-output>
          </reporter-output>
        </test-method> <!-- setUp -->
        <test-method status="PASS" signature="testTestProjectMaintain()[pri:0, instance:ICasesMaintainServiceTest@7adbe76f]" name="testTestProjectMaintain" duration-ms="1174" started-at="2015-07-03T14:35:49Z" finished-at="2015-07-03T14:35:50Z">
          <reporter-output>
          </reporter-output>
        </test-method> <!-- testTestProjectMaintain -->
        <test-method status="PASS" signature="tearDown()[pri:0, instance:ICasesMaintainServiceTest@7adbe76f]" name="tearDown" is-config="true" duration-ms="1" started-at="2015-07-03T14:35:50Z" finished-at="2015-07-03T14:35:50Z">
          <reporter-output>
          </reporter-output>
        </test-method> <!-- tearDown -->
      </class> <!-- ICasesMaintainServiceTest -->
    </test> <!-- Default test -->
  </suite> <!-- Default suite -->
</testng-results>
